This is pdfTeX, Version 3.14159265-2.6-1.40.16 (TeX Live 2015/Debian) (preloaded format=pdflatex 2018.3.28)  7 MAY 2018 22:33
entering extended mode
 restricted \write18 enabled.
 file:line:error style messages enabled.
 %&-line parsing enabled.
**/home/odissey/disser/text/dissertation/2018_Mikheev_Dis.tex
(/home/odissey/disser/text/dissertation/2018_Mikheev_Dis.tex
LaTeX2e <2016/02/01>
Babel <3.9q> and hyphenation patterns for 81 language(s) loaded.
(/usr/share/texlive/texmf-dist/tex/latex/base/report.cls
Document Class: report 2014/09/29 v1.4h Standard LaTeX document class
(/usr/share/texlive/texmf-dist/tex/latex/base/size10.clo
File: size10.clo 2014/09/29 v1.4h Standard LaTeX file (size option)
)
\c@part=\count79
\c@chapter=\count80
\c@section=\count81
\c@subsection=\count82
\c@subsubsection=\count83
\c@paragraph=\count84
\c@subparagraph=\count85
\c@figure=\count86
\c@table=\count87
\abovecaptionskip=\skip41
\belowcaptionskip=\skip42
\bibindent=\dimen102
)
(/usr/share/texlive/texmf-dist/tex/latex/russ/russ.sty
Package: russ 2012/01/26 Russian language

(/usr/share/texlive/texmf-dist/tex/latex/base/inputenc.sty
Package: inputenc 2015/03/17 v1.2c Input encoding file
\inpenc@prehook=\toks14
\inpenc@posthook=\toks15

(/usr/share/texlive/texmf-dist/tex/latex/cyrillic/cp1251.def
File: cp1251.def 2014/10/28 v1.0d Input encoding file
))
(/usr/share/texlive/texmf-dist/tex/latex/tools/xspace.sty
Package: xspace 2014/10/28 v1.13 Space after command names (DPC,MH)
)
(/usr/share/texlive/texmf-dist/tex/latex/cyrillic/t2aenc.def
File: t2aenc.def 2005/09/27 v1.0i Cyrillic encoding definition file
)
LaTeX Font Info:    Try loading font information for T2A+cmr on input line 43.

(/usr/share/texlive/texmf-dist/tex/latex/cyrillic/t2acmr.fd
File: t2acmr.fd 2001/08/11 v1.0a Computer Modern Cyrillic font definitions
)
\symrletters=\mathgroup4
LaTeX Font Info:    Overwriting symbol font `rletters' in version `bold'
(Font)                  T2A/cmr/m/it --> T2A/cmr/b/it on input line 99.
LaTeX Font Info:    Overwriting math alphabet `\mathrm' in version `normal'
(Font)                  OT1/cmr/m/n --> T2A/cmr/m/n on input line 173.
LaTeX Font Info:    Overwriting math alphabet `\mathrm' in version `bold'
(Font)                  OT1/cmr/bx/n --> T2A/cmr/b/n on input line 174.
LaTeX Font Info:    Overwriting math alphabet `\mathit' in version `normal'
(Font)                  OT1/cmr/m/it --> T2A/cmr/m/it on input line 175.
LaTeX Font Info:    Overwriting math alphabet `\mathit' in version `bold'
(Font)                  OT1/cmr/bx/it --> T2A/cmr/b/it on input line 176.
LaTeX Font Info:    Overwriting math alphabet `\mathbf' in version `normal'
(Font)                  OT1/cmr/bx/n --> T2A/cmr/b/n on input line 177.
LaTeX Font Info:    Overwriting math alphabet `\mathbf' in version `bold'
(Font)                  OT1/cmr/bx/n --> T2A/cmr/b/n on input line 178.


 Correcting math definitions,
\symAMSa=\mathgroup5
\symAMSb=\mathgroup6
 heading names, counters, lists,
\c@rlistctr=\count88
 headings,
captions, theorems, running heads, appendix, \cleardoublepage, quotes,
... finished.
LaTeX Info: Redefining \ч on input line 687.
) (/usr/share/texlive/texmf-dist/tex/latex/base/fontenc.sty
Package: fontenc 2005/09/27 v1.99g Standard LaTeX package

(/usr/share/texlive/texmf-dist/tex/latex/cyrillic/t2aenc.def
File: t2aenc.def 2005/09/27 v1.0i Cyrillic encoding definition file
LaTeX Font Info:    Redeclaring font encoding T2A on input line 42.
))
(/usr/share/texlive/texmf-dist/tex/latex/extsizes/extsizes.sty
Package: extsizes 1996/10/08 v1.0 Non Standard LaTeX Package


Package ExtSizes Warning: It is better to use one of the extsizes classes,
 if you can.

(/usr/share/texlive/texmf-dist/tex/latex/extsizes/size14.clo
File: size14.clo 1999/11/11 v1.4a NON-Standard LaTeX file (size option)
))
(/usr/share/texlive/texmf-dist/tex/latex/setspace/setspace.sty
Package: setspace 2011/12/19 v6.7a set line spacing
)
(/usr/share/texlive/texmf-dist/tex/latex/tocloft/tocloft.sty
Package: tocloft 2013/05/02 v2.3f parameterised ToC, etc., typesetting
Package tocloft Info: The document has chapter divisions on input line 44.
\cftparskip=\skip43
\cftbeforetoctitleskip=\skip44
\cftaftertoctitleskip=\skip45
\cftbeforepartskip=\skip46
\cftpartnumwidth=\skip47
\cftpartindent=\skip48
\cftbeforechapskip=\skip49
\cftchapindent=\skip50
\cftchapnumwidth=\skip51
\cftbeforesecskip=\skip52
\cftsecindent=\skip53
\cftsecnumwidth=\skip54
\cftbeforesubsecskip=\skip55
\cftsubsecindent=\skip56
\cftsubsecnumwidth=\skip57
\cftbeforesubsubsecskip=\skip58
\cftsubsubsecindent=\skip59
\cftsubsubsecnumwidth=\skip60
\cftbeforeparaskip=\skip61
\cftparaindent=\skip62
\cftparanumwidth=\skip63
\cftbeforesubparaskip=\skip64
\cftsubparaindent=\skip65
\cftsubparanumwidth=\skip66
\cftbeforeloftitleskip=\skip67
\cftafterloftitleskip=\skip68
\cftbeforefigskip=\skip69
\cftfigindent=\skip70
\cftfignumwidth=\skip71
\c@lofdepth=\count89
\c@lotdepth=\count90
\cftbeforelottitleskip=\skip72
\cftafterlottitleskip=\skip73
\cftbeforetabskip=\skip74
\cfttabindent=\skip75
\cfttabnumwidth=\skip76
)
(/usr/share/texlive/texmf-dist/tex/latex/graphics/graphicx.sty
Package: graphicx 2014/10/28 v1.0g Enhanced LaTeX Graphics (DPC,SPQR)

(/usr/share/texlive/texmf-dist/tex/latex/graphics/keyval.sty
Package: keyval 2014/10/28 v1.15 key=value parser (DPC)
\KV@toks@=\toks16
)
(/usr/share/texlive/texmf-dist/tex/latex/graphics/graphics.sty
Package: graphics 2016/01/03 v1.0q Standard LaTeX Graphics (DPC,SPQR)

(/usr/share/texlive/texmf-dist/tex/latex/graphics/trig.sty
Package: trig 2016/01/03 v1.10 sin cos tan (DPC)
)
(/usr/share/texlive/texmf-dist/tex/latex/latexconfig/graphics.cfg
File: graphics.cfg 2010/04/23 v1.9 graphics configuration of TeX Live
)
Package graphics Info: Driver file: pdftex.def on input line 95.

(/usr/share/texlive/texmf-dist/tex/latex/pdftex-def/pdftex.def
File: pdftex.def 2011/05/27 v0.06d Graphics/color for pdfTeX

(/usr/share/texlive/texmf-dist/tex/generic/oberdiek/infwarerr.sty
Package: infwarerr 2010/04/08 v1.3 Providing info/warning/error messages (HO)
)
(/usr/share/texlive/texmf-dist/tex/generic/oberdiek/ltxcmds.sty
Package: ltxcmds 2011/11/09 v1.22 LaTeX kernel commands for general use (HO)
)
\Gread@gobject=\count91
))
\Gin@req@height=\dimen103
\Gin@req@width=\dimen104
)
(/usr/share/texlive/texmf-dist/tex/latex/geometry/geometry.sty
Package: geometry 2010/09/12 v5.6 Page Geometry

(/usr/share/texlive/texmf-dist/tex/generic/oberdiek/ifpdf.sty
Package: ifpdf 2011/01/30 v2.3 Provides the ifpdf switch (HO)
Package ifpdf Info: pdfTeX in PDF mode is detected.
)
(/usr/share/texlive/texmf-dist/tex/generic/oberdiek/ifvtex.sty
Package: ifvtex 2010/03/01 v1.5 Detect VTeX and its facilities (HO)
Package ifvtex Info: VTeX not detected.
)
(/usr/share/texlive/texmf-dist/tex/generic/ifxetex/ifxetex.sty
Package: ifxetex 2010/09/12 v0.6 Provides ifxetex conditional
)
\Gm@cnth=\count92
\Gm@cntv=\count93
\c@Gm@tempcnt=\count94
\Gm@bindingoffset=\dimen105
\Gm@wd@mp=\dimen106
\Gm@odd@mp=\dimen107
\Gm@even@mp=\dimen108
\Gm@layoutwidth=\dimen109
\Gm@layoutheight=\dimen110
\Gm@layouthoffset=\dimen111
\Gm@layoutvoffset=\dimen112
\Gm@dimlist=\toks17
)
(./2018_Mikheev_Dis.aux)
\openout1 = `2018_Mikheev_Dis.aux'.

LaTeX Font Info:    Checking defaults for OML/cmm/m/it on input line 19.
LaTeX Font Info:    ... okay on input line 19.
LaTeX Font Info:    Checking defaults for T1/cmr/m/n on input line 19.
LaTeX Font Info:    ... okay on input line 19.
LaTeX Font Info:    Checking defaults for OT1/cmr/m/n on input line 19.
LaTeX Font Info:    ... okay on input line 19.
LaTeX Font Info:    Checking defaults for OMS/cmsy/m/n on input line 19.
LaTeX Font Info:    ... okay on input line 19.
LaTeX Font Info:    Checking defaults for OMX/cmex/m/n on input line 19.
LaTeX Font Info:    ... okay on input line 19.
LaTeX Font Info:    Checking defaults for U/cmr/m/n on input line 19.
LaTeX Font Info:    ... okay on input line 19.
LaTeX Font Info:    Checking defaults for T2A/cmr/m/n on input line 19.
LaTeX Font Info:    ... okay on input line 19.

(/usr/share/texlive/texmf-dist/tex/context/base/supp-pdf.mkii
[Loading MPS to PDF converter (version 2006.09.02).]
\scratchcounter=\count95
\scratchdimen=\dimen113
\scratchbox=\box26
\nofMPsegments=\count96
\nofMParguments=\count97
\everyMPshowfont=\toks18
\MPscratchCnt=\count98
\MPscratchDim=\dimen114
\MPnumerator=\count99
\makeMPintoPDFobject=\count100
\everyMPtoPDFconversion=\toks19
) (/usr/share/texlive/texmf-dist/tex/generic/oberdiek/pdftexcmds.sty
Package: pdftexcmds 2011/11/29 v0.20 Utility functions of pdfTeX for LuaTeX (HO
)

(/usr/share/texlive/texmf-dist/tex/generic/oberdiek/ifluatex.sty
Package: ifluatex 2010/03/01 v1.3 Provides the ifluatex switch (HO)
Package ifluatex Info: LuaTeX not detected.
)
Package pdftexcmds Info: LuaTeX not detected.
Package pdftexcmds Info: \pdf@primitive is available.
Package pdftexcmds Info: \pdf@ifprimitive is available.
Package pdftexcmds Info: \pdfdraftmode found.
)
(/usr/share/texlive/texmf-dist/tex/latex/oberdiek/epstopdf-base.sty
Package: epstopdf-base 2010/02/09 v2.5 Base part for package epstopdf

(/usr/share/texlive/texmf-dist/tex/latex/oberdiek/grfext.sty
Package: grfext 2010/08/19 v1.1 Manage graphics extensions (HO)

(/usr/share/texlive/texmf-dist/tex/generic/oberdiek/kvdefinekeys.sty
Package: kvdefinekeys 2011/04/07 v1.3 Define keys (HO)
))
(/usr/share/texlive/texmf-dist/tex/latex/oberdiek/kvoptions.sty
Package: kvoptions 2011/06/30 v3.11 Key value format for package options (HO)

(/usr/share/texlive/texmf-dist/tex/generic/oberdiek/kvsetkeys.sty
Package: kvsetkeys 2012/04/25 v1.16 Key value parser (HO)

(/usr/share/texlive/texmf-dist/tex/generic/oberdiek/etexcmds.sty
Package: etexcmds 2011/02/16 v1.5 Avoid name clashes with e-TeX commands (HO)
Package etexcmds Info: Could not find \expanded.
(etexcmds)             That can mean that you are not using pdfTeX 1.50 or
(etexcmds)             that some package has redefined \expanded.
(etexcmds)             In the latter case, load this package earlier.
)))
Package grfext Info: Graphics extension search list:
(grfext)             [.png,.pdf,.jpg,.mps,.jpeg,.jbig2,.jb2,.PNG,.PDF,.JPG,.JPE
G,.JBIG2,.JB2,.eps]
(grfext)             \AppendGraphicsExtensions on input line 452.

(/usr/share/texlive/texmf-dist/tex/latex/latexconfig/epstopdf-sys.cfg
File: epstopdf-sys.cfg 2010/07/13 v1.3 Configuration of (r)epstopdf for TeX Liv
e
))
*geometry* driver: auto-detecting
*geometry* detected driver: pdftex
*geometry* verbose mode - [ preamble ] result:
* driver: pdftex
* paper: a4paper
* layout: <same size as paper>
* layoutoffset:(h,v)=(0.0pt,0.0pt)
* modes: 
* h-part:(L,W,R)=(85.35826pt, 455.24411pt, 56.9055pt)
* v-part:(T,H,B)=(56.9055pt, 745.46222pt, 42.67912pt)
* \paperwidth=597.50787pt
* \paperheight=845.04684pt
* \textwidth=455.24411pt
* \textheight=745.46222pt
* \oddsidemargin=13.08827pt
* \evensidemargin=13.08827pt
* \topmargin=-54.36449pt
* \headheight=14.0pt
* \headsep=25.0pt
* \topskip=14.0pt
* \footskip=30.0pt
* \marginparwidth=15.0pt
* \marginparsep=10.0pt
* \columnsep=10.0pt
* \skip\footins=12.0pt plus 4.0pt minus 2.0pt
* \hoffset=0.0pt
* \voffset=0.0pt
* \mag=1000
* \@twocolumnfalse
* \@twosidefalse
* \@mparswitchfalse
* \@reversemarginfalse
* (1in=72.27pt=25.4mm, 1cm=28.453pt)

<msu-building.jpg, id=1, 260.975pt x 140.525pt>
File: msu-building.jpg Graphic file (type jpg)
 <use msu-building.jpg>
Package pdftex.def Info: msu-building.jpg used on input line 29.
(pdftex.def)             Requested size: 227.62206pt x 122.56667pt.
 [1

{/var/lib/texmf/fonts/map/pdftex/updmap/pdftex.map} <./msu-building.jpg>]
Overfull \hbox (1.45432pt too wide) in paragraph at lines 78--79
[]\T2A/cmr/m/n/14.4 ƒанна€ си-сте-ма поз-во-лит срав-нить чис-лен-но про-из-во-
ди-тель-ность кон-
 []

[1] (./2018_Mikheev_Dis.toc
LaTeX Font Info:    External font `cmex10' loaded for size
(Font)              <14.4> on input line 1.
LaTeX Font Info:    External font `cmex10' loaded for size
(Font)              <7> on input line 1.
LaTeX Font Info:    Try loading font information for U+msa on input line 1.

(/usr/share/texlive/texmf-dist/tex/latex/amsfonts/umsa.fd
File: umsa.fd 2013/01/14 v3.01 AMS symbols A
)
LaTeX Font Info:    Try loading font information for U+msb on input line 1.

(/usr/share/texlive/texmf-dist/tex/latex/amsfonts/umsb.fd
File: umsb.fd 2013/01/14 v3.01 AMS symbols B
) [2])
\tf@toc=\write3
\openout3 = `2018_Mikheev_Dis.toc'.

 [3] [4]
[5] [6]
√лава 1.
[7

]
Overfull \hbox (0.19185pt too wide) in paragraph at lines 126--127
[]\T2A/cmr/m/n/14.4 –азработать си-сте-му, ре-а-ли-зу-ю-щую ме-то-ди-ку оцен-ки
 про-из-во-ди-тель-
 []

[8]
√лава 2.
[9

] [10]
Overfull \hbox (5.64949pt too wide) in paragraph at lines 163--164
[]\T2A/cmr/m/n/14.4 ќсновным же недо-стат-ком дан-но-го ви-да вир-ту-а-ли-за-ци
и €в-л€-ет-с€ необ-
 []

[11] <ap_virt_2.jpg, id=56, 237.88875pt x 112.62074pt>
File: ap_virt_2.jpg Graphic file (type jpg)
 <use ap_virt_2.jpg>
Package pdftex.def Info: ap_virt_2.jpg used on input line 176.
(pdftex.def)             Requested size: 227.62206pt x 107.76582pt.

[12]
Overfull \hbox (6.97375pt too wide) in paragraph at lines 189--190
[]\T2A/cmr/m/n/14.4 ƒругим на-зва-ни-ем дл€ это-го под-хо-да слу-жит "кон-тей-н
е-ри-за-ци€", "лег-
 []

[13 <./ap_virt_2.jpg>] <lxc.png, id=64, 154.176pt x 149.358pt>
File: lxc.png Graphic file (type png)
 <use lxc.png>
Package pdftex.def Info: lxc.png used on input line 194.
(pdftex.def)             Requested size: 136.57462pt x 132.30829pt.
LaTeX Font Info:    Try loading font information for OMS+cmr on input line 204.


(/usr/share/texlive/texmf-dist/tex/latex/base/omscmr.fd
File: omscmr.fd 2014/09/29 v2.5h Standard LaTeX font definitions
)
LaTeX Font Info:    Font shape `OMS/cmr/m/n' in size <14.4> not available
(Font)              Font shape `OMS/cmsy/m/n' tried instead on input line 204.
 [14 <./lxc.png>]
[15]
Overfull \hbox (7.76225pt too wide) in paragraph at lines 224--225
[]\T2A/cmr/m/n/14.4 —ледующим ша-гом слу-жит ав-то-ма-ти-за-ци€ ра-бо-ты с LXC-
контейнером,
 []


Overfull \hbox (11.54442pt too wide) in paragraph at lines 226--227
\T2A/cmr/m/n/14.4 за-ви-си-мо-ст€-ми, обес-пе-чи-ва-ю-щее API вы-со-ко-го уров-
н€ к LXC-контейнерам.
 []

[16]
Overfull \hbox (2.7812pt too wide) in paragraph at lines 234--235
[]\T2A/cmr/m/n/14.4 «а управ-ле-ние Docker-контейнерами от-ве-ча-ет Docker-daem
on, про-цесс,
 []

<docker_daemon.PNG, id=75, 472.01344pt x 255.20343pt>
File: docker_daemon.PNG Graphic file (type png)
 <use docker_daemon.PNG>
Package pdftex.def Info: docker_daemon.PNG used on input line 237.
(pdftex.def)             Requested size: 227.62206pt x 123.06868pt.

[17 <./docker_daemon.PNG>]
Overfull \hbox (15.52719pt too wide) in paragraph at lines 245--246
\T2A/cmr/m/n/14.4 ри-за-ции при-ло-же-ни€. —у-ще-ству-ет так же Rocket дл€ Linu
x [[]] и Drawbridge
 []

[18] [19]
√лава 3.
[20

]
Overfull \hbox (0.88242pt too wide) in paragraph at lines 281--282
[]\T2A/cmr/m/n/14.4 ¬ тре-тьем экс-пе-ри-мен-те про-во-ди-лись ис-сле-до-ва-ни€
, при ко-то-рым вир-
 []

[21]
Overfull \hbox (5.26602pt too wide) in paragraph at lines 291--291
[]\T2A/cmr/bx/n/20.74 ѕроизводительность вир-ту-аль-ных ма-шин
 []

[22]
Overfull \hbox (12.56358pt too wide) in paragraph at lines 304--305
[]\T2A/cmr/m/n/14.4 ƒл€ из-ме-ре-ни€ про-из-во-ди-тель-но-сти мож-но ис-поль-зо
-вать го-то-вые бенч-
 []

[23] [24]
√лава 4.

Overfull \hbox (3.93022pt too wide) in paragraph at lines 320--321
[]\T2A/cmr/m/n/14.4 ƒополнительно пред-ла-га-ет-с€ ис-сле-до-вать про-из-во-ди-
тель-ность Docker-
 []

[25

] [26] <uml.png, id=110, 1206.5075pt x 1005.7575pt>
File: uml.png Graphic file (type png)
 <use uml.png>
Package pdftex.def Info: uml.png used on input line 340.
(pdftex.def)             Requested size: 364.19667pt x 303.58652pt.
 [27 <./uml.png>] [28]
Overfull \hbox (11.6709pt too wide) in paragraph at lines 365--366
[]\T2A/cmr/m/n/14.4  ласс Test хра-нит опи-са-ние те-ста в ви-де, по-н€т-ном кл
ас-су TestExecutor.
 []

[29] [30]
√лава 5.
[31

]
Overfull \hbox (3.16934pt too wide) in paragraph at lines 392--393
\T2A/cmr/m/n/14.4 Ќиже пред-став-ле-ны ха-рак-те-ри-си-ки фи-зи-че-ско-го сер-в
е-ра, на ко-то-ром про-
 []


Overfull \hbox (30.54584pt too wide) in paragraph at lines 402--403
[]\T2A/cmr/m/n/14.4 ќперационна€ си-сте-ма: Linux CentOS 7.0, Kernel: 3.10.0-69
3.17.1.el7.x86_64 
 []

[32] <jtr_great_docker_vm_average.png, id=131, 462.528pt x 346.896pt>
File: jtr_great_docker_vm_average.png Graphic file (type png)

<use jtr_great_docker_vm_average.png>
Package pdftex.def Info: jtr_great_docker_vm_average.png used on input line 414
.
(pdftex.def)             Requested size: 364.19667pt x 273.16086pt.

<jtr_great_docker_vm_median.png, id=132, 462.528pt x 346.896pt>
File: jtr_great_docker_vm_median.png Graphic file (type png)

<use jtr_great_docker_vm_median.png>
Package pdftex.def Info: jtr_great_docker_vm_median.png used on input line 420.

(pdftex.def)             Requested size: 364.19667pt x 273.16086pt.
 [33 <./jtr_great_docker_vm_average.png>]
[34 <./jtr_great_docker_vm_median.png>]
<jtr_middle_great_docker_vm_difference.png, id=141, 462.528pt x 346.896pt>
File: jtr_middle_great_docker_vm_difference.png Graphic file (type png)

<use jtr_middle_great_docker_vm_difference.png>
Package pdftex.def Info: jtr_middle_great_docker_vm_difference.png used on inpu
t line 434.
(pdftex.def)             Requested size: 364.19667pt x 273.16086pt.

<jtr_middle_none_docker_vm_average.png, id=142, 462.528pt x 346.896pt>
File: jtr_middle_none_docker_vm_average.png Graphic file (type png)

<use jtr_middle_none_docker_vm_average.png>
Package pdftex.def Info: jtr_middle_none_docker_vm_average.png used on input li
ne 444.
(pdftex.def)             Requested size: 364.19667pt x 273.16086pt.

<jtr_middle_none_docker_vm_median.png, id=143, 462.528pt x 346.896pt>
File: jtr_middle_none_docker_vm_median.png Graphic file (type png)

<use jtr_middle_none_docker_vm_median.png>
Package pdftex.def Info: jtr_middle_none_docker_vm_median.png used on input lin
e 450.
(pdftex.def)             Requested size: 364.19667pt x 273.16086pt.


LaTeX Warning: `!h' float specifier changed to `!ht'.

[35 <./jtr_middle_great_docker_vm_difference.png>]

LaTeX Warning: Text page 36 contains only floats.


Overfull \vbox (2.45966pt too high) has occurred while \output is active []


[36 <./jtr_middle_none_docker_vm_average.png> <./jtr_middle_none_docker_vm_medi
an.png>]
<jtr_middle_none_docker_vm_difference.png, id=154, 462.528pt x 346.896pt>
File: jtr_middle_none_docker_vm_difference.png Graphic file (type png)

<use jtr_middle_none_docker_vm_difference.png>
Package pdftex.def Info: jtr_middle_none_docker_vm_difference.png used on input
 line 460.
(pdftex.def)             Requested size: 364.19667pt x 273.16086pt.

Overfull \hbox (3.55453pt too wide) in paragraph at lines 467--468
[]\T2A/cmr/m/n/14.4 ¬ ито-ге мож-но за-клю-чить, что про-из-во-ди-тель-ность пр
и-ло-же-ни€ <<ѕод-
 []

[37 <./jtr_middle_none_docker_vm_difference.png>]
<pybench_middle_great_docker_vm_average.png, id=159, 462.528pt x 346.896pt>
File: pybench_middle_great_docker_vm_average.png Graphic file (type png)

<use pybench_middle_great_docker_vm_average.png>
Package pdftex.def Info: pybench_middle_great_docker_vm_average.png used on inp
ut line 480.
(pdftex.def)             Requested size: 364.19667pt x 273.16086pt.

<pybench_middle_great_docker_vm_median.png, id=160, 462.528pt x 346.896pt>
File: pybench_middle_great_docker_vm_median.png Graphic file (type png)

<use pybench_middle_great_docker_vm_median.png>
Package pdftex.def Info: pybench_middle_great_docker_vm_median.png used on inpu
t line 486.
(pdftex.def)             Requested size: 364.19667pt x 273.16086pt.
 [38]

LaTeX Warning: Text page 39 contains only floats.

[39 <./pybench_middle_great_docker_vm_average.png> <./pybench_middle_great_dock
er_vm_median.png>]
<pybench_none_docker_vm_average.png, id=169, 462.528pt x 346.896pt>
File: pybench_none_docker_vm_average.png Graphic file (type png)

<use pybench_none_docker_vm_average.png>
Package pdftex.def Info: pybench_none_docker_vm_average.png used on input line 
496.
(pdftex.def)             Requested size: 364.19667pt x 273.16086pt.

<pybench_none_docker_vm_median.png, id=170, 462.528pt x 346.896pt>
File: pybench_none_docker_vm_median.png Graphic file (type png)

<use pybench_none_docker_vm_median.png>
Package pdftex.def Info: pybench_none_docker_vm_median.png used on input line 5
02.
(pdftex.def)             Requested size: 364.19667pt x 273.16086pt.

Overfull \hbox (0.67926pt too wide) in paragraph at lines 511--511
[]\T2A/cmr/bx/n/20.74 ѕропускна€ спо-соб-ность опе-ра-тив-ной па-
 []

[40 <./pybench_none_docker_vm_average.png>]
<ramspeed_long_great_docker_vm_average.png, id=175, 462.528pt x 346.896pt>
File: ramspeed_long_great_docker_vm_average.png Graphic file (type png)

<use ramspeed_long_great_docker_vm_average.png>
Package pdftex.def Info: ramspeed_long_great_docker_vm_average.png used on inpu
t line 517.
(pdftex.def)             Requested size: 364.19667pt x 273.16086pt.

<ramspeed_long_great_docker_vm_median.png, id=176, 462.528pt x 346.896pt>
File: ramspeed_long_great_docker_vm_median.png Graphic file (type png)

<use ramspeed_long_great_docker_vm_median.png>
Package pdftex.def Info: ramspeed_long_great_docker_vm_median.png used on input
 line 523.
(pdftex.def)             Requested size: 364.19667pt x 273.16086pt.
 [41 <./pybench_none_docker_vm_median.png>]

LaTeX Warning: Text page 42 contains only floats.


Overfull \vbox (2.45966pt too high) has occurred while \output is active []


[42 <./ramspeed_long_great_docker_vm_average.png> <./ramspeed_long_great_docker
_vm_median.png>]
<ramspeed_long_great_docker_vm_difference.png, id=187, 462.528pt x 346.896pt>
File: ramspeed_long_great_docker_vm_difference.png Graphic file (type png)

<use ramspeed_long_great_docker_vm_difference.png>
Package pdftex.def Info: ramspeed_long_great_docker_vm_difference.png used on i
nput line 533.
(pdftex.def)             Requested size: 364.19667pt x 273.16086pt.

Underfull \hbox (badness 2237) in paragraph at lines 534--534
[]\T2A/cmr/m/n/14.4 –ис. 5.13. «а-ви-си-мость раз-но-сти про-ив-зво-ди-тель-но-
сти при-ло-же-ни€
 []

<ramspeed_none_docker_vm_average.png, id=188, 462.528pt x 346.896pt>
File: ramspeed_none_docker_vm_average.png Graphic file (type png)

<use ramspeed_none_docker_vm_average.png>
Package pdftex.def Info: ramspeed_none_docker_vm_average.png used on input line
 544.
(pdftex.def)             Requested size: 364.19667pt x 273.16086pt.

<ramspeed_none_docker_vm_median.png, id=189, 462.528pt x 346.896pt>
File: ramspeed_none_docker_vm_median.png Graphic file (type png)

<use ramspeed_none_docker_vm_median.png>
Package pdftex.def Info: ramspeed_none_docker_vm_median.png used on input line 
550.
(pdftex.def)             Requested size: 364.19667pt x 273.16086pt.

<ramspeed_none_docker_vm_difference.png, id=190, 462.528pt x 346.896pt>
File: ramspeed_none_docker_vm_difference.png Graphic file (type png)

<use ramspeed_none_docker_vm_difference.png>
Package pdftex.def Info: ramspeed_none_docker_vm_difference.png used on input l
ine 558.
(pdftex.def)             Requested size: 364.19667pt x 273.16086pt.

Underfull \hbox (badness 2237) in paragraph at lines 559--559
[]\T2A/cmr/m/n/14.4 –ис. 5.16. «а-ви-си-мость раз-но-сти про-ив-зво-ди-тель-но-
сти при-ло-же-ни€
 []

[43 <./ramspeed_long_great_docker_vm_difference.png>]

LaTeX Warning: Text page 44 contains only floats.


Overfull \vbox (2.45966pt too high) has occurred while \output is active []


[44 <./ramspeed_none_docker_vm_average.png> <./ramspeed_none_docker_vm_median.p
ng>]
Overfull \hbox (5.26552pt too wide) in paragraph at lines 566--567
\T2A/cmr/m/n/14.4 ѕо ре-зуль-та-там экс-пе-ри-мен-таль-но-го ис-сле-до-ва-ни€ м
ож-но за-клю-чить, что: 
 []

[45 <./ramspeed_none_docker_vm_difference.png>] [46]
√лава 6.
[47

] [48] [49]
Underfull \hbox (badness 1540) in paragraph at lines 593--594
\T2A/cmr/m/n/14.4 Fundamentals. // School of Informatics and Computing, Indiana

 []


Overfull \hbox (8.88101pt too wide) in paragraph at lines 595--596
[]\T2A/cmr/m/n/14.4 Homepage of VMWare ESXi. http://www.vmware.com/ru/products/
esxi-
 []


Underfull \hbox (badness 3148) in paragraph at lines 599--600
[]\T2A/cmr/m/n/14.4 Homepage of Xen. https://www.xenproject.org (да-та об-ра-ще
-ни€
 []


Underfull \hbox (badness 1742) in paragraph at lines 603--604
[]\T2A/cmr/m/n/14.4 Homepage of KVM. https://www.linux-kvm.org (да-та об-ра-ще-
ни€
 []

[50

]
Underfull \hbox (badness 2189) in paragraph at lines 613--614
[]\T2A/cmr/m/n/14.4 Homepage of DrawBridge. URL: http://research.microsoft.com/
en-
 []


Underfull \hbox (badness 1173) in paragraph at lines 625--626
[]\T2A/cmr/m/n/14.4 Anton Beloglazov, Rajkumar Buyya. Optimal online determinis
tic
 []

[51]
Underfull \hbox (badness 10000) in paragraph at lines 631--632
\T2A/cmr/m/n/14.4 Conference on Computing, Communication and Automation
 []


Underfull \hbox (badness 2318) in paragraph at lines 633--634
[]\T2A/cmr/m/n/14.4 Homepage of Phoronix-test-suite. URL: http://www.phoronix-t
est-
 []

[52] (./2018_Mikheev_Dis.aux) ) 
Here is how much of TeX's memory you used:
 3154 strings out of 493029
 48019 string characters out of 6136234
 107188 words of memory out of 5000000
 6597 multiletter control sequences out of 15000+600000
 18961 words of font info for 39 fonts, out of 8000000 for 9000
 1141 hyphenation exceptions out of 8191
 38i,5n,27p,1022b,265s stack positions out of 5000i,500n,10000p,200000b,80000s
{/usr/share/texmf/fonts/enc/dvips/cm-super/cm-su
per-t2a.enc}</usr/share/texlive/texmf-dist/fonts/type1/public/amsfonts/cm/cmex1
0.pfb></usr/share/texlive/texmf-dist/fonts/type1/public/amsfonts/cm/cmmi10.pfb>
</usr/share/texlive/texmf-dist/fonts/type1/public/amsfonts/cm/cmmi12.pfb></usr/
share/texlive/texmf-dist/fonts/type1/public/amsfonts/cm/cmmi7.pfb></usr/share/t
exlive/texmf-dist/fonts/type1/public/amsfonts/cm/cmr10.pfb></usr/share/texlive/
texmf-dist/fonts/type1/public/amsfonts/cm/cmr12.pfb></usr/share/texlive/texmf-d
ist/fonts/type1/public/amsfonts/cm/cmsy10.pfb></usr/share/texmf/fonts/type1/pub
lic/cm-super/sfbx1200.pfb></usr/share/texmf/fonts/type1/public/cm-super/sfbx144
0.pfb></usr/share/texmf/fonts/type1/public/cm-super/sfbx1728.pfb></usr/share/te
xmf/fonts/type1/public/cm-super/sfbx2074.pfb></usr/share/texmf/fonts/type1/publ
ic/cm-super/sfbx2986.pfb></usr/share/texmf/fonts/type1/public/cm-super/sfbx3583
.pfb></usr/share/texmf/fonts/type1/public/cm-super/sfrm1200.pfb></usr/share/tex
mf/fonts/type1/public/cm-super/sfrm1440.pfb></usr/share/texmf/fonts/type1/publi
c/cm-super/sfrm1728.pfb>
Output written on 2018_Mikheev_Dis.pdf (53 pages, 2400928 bytes).
PDF statistics:
 297 PDF objects out of 1000 (max. 8388607)
 169 compressed objects within 2 object streams
 0 named destinations out of 1000 (max. 500000)
 106 words of extra memory for PDF output out of 10000 (max. 10000000)

